Arguments: 
  /Users/yzs/.nvm/versions/node/v11.14.0/bin/node /Users/yzs/.nvm/versions/node/v11.14.0/bin/yarn add child_press -S

PATH: 
  /usr/local/opt/php@7.1/sbin:/usr/local/opt/php@7.1/bin:/usr/local/opt/php@7.1/sbin:/usr/local/opt/php@7.1/bin:/usr/local/opt/sqlite/bin:/usr/local/opt/libpq/bin:/usr/local/opt/curl-openssl/bin:/usr/local/opt/openldap/sbin:/usr/local/opt/openldap/bin:/usr/local/opt/apr-util/bin:/usr/local/opt/openssl/bin:/usr/local/opt/openssl/bin:/usr/local/opt/apr/bin:/usr/local/opt/php@7.1/sbin:/usr/local/opt/php@7.1/bin:/usr/local/opt/sqlite/bin:/usr/local/opt/libpq/bin:/usr/local/opt/curl-openssl/bin:/usr/local/opt/openldap/sbin:/usr/local/opt/openldap/bin:/usr/local/opt/apr-util/bin:/usr/local/opt/openssl/bin:/usr/local/opt/apr/bin:/usr/local/opt/php@7.1/sbin:/usr/local/opt/php@7.1/bin:/Users/yzs/.nvm/versions/node/v11.14.0/bin:/usr/local/bin:/usr/bin:/bin:/usr/sbin:/sbin:/Applications/VMware Fusion.app/Contents/Public:/Applications/Wireshark.app/Contents/MacOS

Yarn version: 
  1.17.3

Node version: 
  11.14.0

Platform: 
  darwin x64

Trace: 
  Error: http://npm.xesv5.com/child_press: no such package available
      at Request.params.callback [as _callback] (/Users/yzs/.nvm/versions/node/v11.14.0/lib/node_modules/yarn/lib/cli.js:66830:18)
      at Request.self.callback (/Users/yzs/.nvm/versions/node/v11.14.0/lib/node_modules/yarn/lib/cli.js:140464:22)
      at Request.emit (events.js:193:13)
      at Request.<anonymous> (/Users/yzs/.nvm/versions/node/v11.14.0/lib/node_modules/yarn/lib/cli.js:141436:10)
      at Request.emit (events.js:193:13)
      at IncomingMessage.<anonymous> (/Users/yzs/.nvm/versions/node/v11.14.0/lib/node_modules/yarn/lib/cli.js:141358:12)
      at Object.onceWrapper (events.js:281:20)
      at IncomingMessage.emit (events.js:198:15)
      at endReadableNT (_stream_readable.js:1139:12)
      at processTicksAndRejections (internal/process/task_queues.js:81:17)

npm manifest: 
  {
    "name": "vue-webhook",
    "version": "1.0.0",
    "description": "",
    "main": "index.js",
    "scripts": {
      "start": "pm2 start ./webhook.js --watch --name='vue-webhook'",
      "stop": "pm2 stop vue-webhook"
    },
    "keywords": [],
    "author": "",
    "license": "ISC",
    "dependencies": {
      "crypto": "^1.0.1",
      "nodemailer": "^6.3.0"
    }
  }

yarn manifest: 
  No manifest

Lockfile: 
  # THIS IS AN AUTOGENERATED FILE. DO NOT EDIT THIS FILE DIRECTLY.
  # yarn lockfile v1
  
  
  crypto@^1.0.1:
    version "1.0.1"
    resolved "http://npm.xesv5.com/crypto/-/crypto-1.0.1.tgz#2af1b7cad8175d24c8a1b0778255794a21803037"
    integrity sha1-KvG3ytgXXSTIobB3glV5SiGAMDc=
  
  nodemailer@^6.3.0:
    version "6.3.0"
    resolved "http://npm.xesv5.com/nodemailer/-/nodemailer-6.3.0.tgz#a89b0c62d3937bdcdeecbf55687bd7911b627e12"
    integrity sha1-qJsMYtOTe9ze7L9VaHvXkRtifhI=
